{"D:\\www\\2023\\pan t\\part 5\\bloglist-frontend\\src\\App.jsx": {"path":"D:\\www\\2023\\pan t\\part 5\\bloglist-frontend\\src\\App.jsx","statementMap":{"0":{"start":{"line":10,"column":12},"end":{"line":138,"column":1}},"1":{"start":{"line":11,"column":22},"end":{"line":11,"column":30}},"2":{"start":{"line":12,"column":28},"end":{"line":12,"column":40}},"3":{"start":{"line":13,"column":34},"end":{"line":13,"column":46}},"4":{"start":{"line":14,"column":34},"end":{"line":14,"column":46}},"5":{"start":{"line":15,"column":26},"end":{"line":15,"column":40}},"6":{"start":{"line":17,"column":42},"end":{"line":20,"column":4}},"7":{"start":{"line":22,"column":19},"end":{"line":31,"column":3}},"8":{"start":{"line":23,"column":4},"end":{"line":23,"column":43}},"9":{"start":{"line":24,"column":4},"end":{"line":24,"column":40}},"10":{"start":{"line":25,"column":4},"end":{"line":29,"column":6}},"11":{"start":{"line":26,"column":6},"end":{"line":28,"column":7}},"12":{"start":{"line":27,"column":8},"end":{"line":27,"column":25}},"13":{"start":{"line":33,"column":21},"end":{"line":37,"column":3}},"14":{"start":{"line":34,"column":4},"end":{"line":35,"column":113}},"15":{"start":{"line":35,"column":6},"end":{"line":35,"column":113}},"16":{"start":{"line":35,"column":53},"end":{"line":35,"column":112}},"17":{"start":{"line":35,"column":83},"end":{"line":35,"column":110}},"18":{"start":{"line":39,"column":22},"end":{"line":61,"column":3}},"19":{"start":{"line":40,"column":4},"end":{"line":40,"column":26}},"20":{"start":{"line":42,"column":4},"end":{"line":60,"column":5}},"21":{"start":{"line":43,"column":19},"end":{"line":45,"column":8}},"22":{"start":{"line":47,"column":6},"end":{"line":47,"column":76}},"23":{"start":{"line":48,"column":6},"end":{"line":48,"column":38}},"24":{"start":{"line":49,"column":6},"end":{"line":49,"column":19}},"25":{"start":{"line":50,"column":6},"end":{"line":50,"column":21}},"26":{"start":{"line":51,"column":6},"end":{"line":51,"column":21}},"27":{"start":{"line":53,"column":6},"end":{"line":53,"column":75}},"28":{"start":{"line":54,"column":6},"end":{"line":59,"column":14}},"29":{"start":{"line":55,"column":8},"end":{"line":58,"column":10}},"30":{"start":{"line":63,"column":2},"end":{"line":67,"column":8}},"31":{"start":{"line":64,"column":4},"end":{"line":66,"column":5}},"32":{"start":{"line":65,"column":6},"end":{"line":65,"column":23}},"33":{"start":{"line":69,"column":21},"end":{"line":90,"column":3}},"34":{"start":{"line":70,"column":23},"end":{"line":75,"column":5}},"35":{"start":{"line":76,"column":4},"end":{"line":76,"column":42}},"36":{"start":{"line":78,"column":4},"end":{"line":89,"column":8}},"37":{"start":{"line":81,"column":8},"end":{"line":81,"column":40}},"38":{"start":{"line":82,"column":8},"end":{"line":82,"column":101}},"39":{"start":{"line":83,"column":8},"end":{"line":88,"column":16}},"40":{"start":{"line":84,"column":10},"end":{"line":87,"column":12}},"41":{"start":{"line":92,"column":20},"end":{"line":100,"column":3}},"42":{"start":{"line":93,"column":4},"end":{"line":99,"column":16}},"43":{"start":{"line":102,"column":19},"end":{"line":113,"column":3}},"44":{"start":{"line":103,"column":4},"end":{"line":112,"column":7}},"45":{"start":{"line":106,"column":8},"end":{"line":106,"column":98}},"46":{"start":{"line":115,"column":2},"end":{"line":122,"column":8}},"47":{"start":{"line":116,"column":27},"end":{"line":116,"column":75}},"48":{"start":{"line":117,"column":4},"end":{"line":121,"column":5}},"49":{"start":{"line":118,"column":19},"end":{"line":118,"column":45}},"50":{"start":{"line":119,"column":6},"end":{"line":119,"column":19}},"51":{"start":{"line":120,"column":6},"end":{"line":120,"column":38}},"52":{"start":{"line":124,"column":17},"end":{"line":127,"column":3}},"53":{"start":{"line":125,"column":4},"end":{"line":125,"column":31}},"54":{"start":{"line":126,"column":4},"end":{"line":126,"column":17}},"55":{"start":{"line":128,"column":2},"end":{"line":137,"column":3}}},"fnMap":{"0":{"name":"(anonymous_0)","decl":{"start":{"line":10,"column":12},"end":{"line":10,"column":13}},"loc":{"start":{"line":10,"column":18},"end":{"line":138,"column":1}},"line":10},"1":{"name":"(anonymous_1)","decl":{"start":{"line":22,"column":19},"end":{"line":22,"column":20}},"loc":{"start":{"line":22,"column":33},"end":{"line":31,"column":3}},"line":22},"2":{"name":"(anonymous_2)","decl":{"start":{"line":25,"column":55},"end":{"line":25,"column":56}},"loc":{"start":{"line":25,"column":67},"end":{"line":29,"column":5}},"line":25},"3":{"name":"(anonymous_3)","decl":{"start":{"line":26,"column":32},"end":{"line":26,"column":33}},"loc":{"start":{"line":27,"column":8},"end":{"line":27,"column":25}},"line":27},"4":{"name":"(anonymous_4)","decl":{"start":{"line":33,"column":21},"end":{"line":33,"column":22}},"loc":{"start":{"line":33,"column":37},"end":{"line":37,"column":3}},"line":33},"5":{"name":"(anonymous_5)","decl":{"start":{"line":35,"column":47},"end":{"line":35,"column":48}},"loc":{"start":{"line":35,"column":53},"end":{"line":35,"column":112}},"line":35},"6":{"name":"(anonymous_6)","decl":{"start":{"line":35,"column":75},"end":{"line":35,"column":76}},"loc":{"start":{"line":35,"column":83},"end":{"line":35,"column":110}},"line":35},"7":{"name":"(anonymous_7)","decl":{"start":{"line":39,"column":22},"end":{"line":39,"column":23}},"loc":{"start":{"line":39,"column":39},"end":{"line":61,"column":3}},"line":39},"8":{"name":"(anonymous_8)","decl":{"start":{"line":54,"column":17},"end":{"line":54,"column":18}},"loc":{"start":{"line":54,"column":23},"end":{"line":59,"column":7}},"line":54},"9":{"name":"(anonymous_9)","decl":{"start":{"line":63,"column":12},"end":{"line":63,"column":13}},"loc":{"start":{"line":63,"column":18},"end":{"line":67,"column":3}},"line":63},"10":{"name":"(anonymous_10)","decl":{"start":{"line":64,"column":30},"end":{"line":64,"column":31}},"loc":{"start":{"line":65,"column":6},"end":{"line":65,"column":23}},"line":65},"11":{"name":"(anonymous_11)","decl":{"start":{"line":69,"column":21},"end":{"line":69,"column":22}},"loc":{"start":{"line":69,"column":33},"end":{"line":90,"column":3}},"line":69},"12":{"name":"(anonymous_12)","decl":{"start":{"line":80,"column":12},"end":{"line":80,"column":13}},"loc":{"start":{"line":80,"column":24},"end":{"line":89,"column":7}},"line":80},"13":{"name":"(anonymous_13)","decl":{"start":{"line":83,"column":19},"end":{"line":83,"column":20}},"loc":{"start":{"line":83,"column":25},"end":{"line":88,"column":9}},"line":83},"14":{"name":"(anonymous_14)","decl":{"start":{"line":92,"column":20},"end":{"line":92,"column":21}},"loc":{"start":{"line":93,"column":4},"end":{"line":99,"column":16}},"line":93},"15":{"name":"(anonymous_15)","decl":{"start":{"line":102,"column":19},"end":{"line":102,"column":20}},"loc":{"start":{"line":103,"column":4},"end":{"line":112,"column":7}},"line":103},"16":{"name":"(anonymous_16)","decl":{"start":{"line":105,"column":17},"end":{"line":105,"column":18}},"loc":{"start":{"line":106,"column":8},"end":{"line":106,"column":98}},"line":106},"17":{"name":"(anonymous_17)","decl":{"start":{"line":115,"column":12},"end":{"line":115,"column":13}},"loc":{"start":{"line":115,"column":18},"end":{"line":122,"column":3}},"line":115},"18":{"name":"(anonymous_18)","decl":{"start":{"line":124,"column":17},"end":{"line":124,"column":18}},"loc":{"start":{"line":124,"column":23},"end":{"line":127,"column":3}},"line":124}},"branchMap":{"0":{"loc":{"start":{"line":34,"column":4},"end":{"line":35,"column":113}},"type":"if","locations":[{"start":{"line":34,"column":4},"end":{"line":35,"column":113}},{"start":{},"end":{}}],"line":34},"1":{"loc":{"start":{"line":117,"column":4},"end":{"line":121,"column":5}},"type":"if","locations":[{"start":{"line":117,"column":4},"end":{"line":121,"column":5}},{"start":{},"end":{}}],"line":117},"2":{"loc":{"start":{"line":132,"column":7},"end":{"line":134,"column":18}},"type":"cond-expr","locations":[{"start":{"line":133,"column":8},"end":{"line":133,"column":19}},{"start":{"line":134,"column":8},"end":{"line":134,"column":18}}],"line":132}},"s":{"0":0,"1":0,"2":0,"3":0,"4":0,"5":0,"6":0,"7":0,"8":0,"9":0,"10":0,"11":0,"12":0,"13":0,"14":0,"15":0,"16":0,"17":0,"18":0,"19":0,"20":0,"21":0,"22":0,"23":0,"24":0,"25":0,"26":0,"27":0,"28":0,"29":0,"30":0,"31":0,"32":0,"33":0,"34":0,"35":0,"36":0,"37":0,"38":0,"39":0,"40":0,"41":0,"42":0,"43":0,"44":0,"45":0,"46":0,"47":0,"48":0,"49":0,"50":0,"51":0,"52":0,"53":0,"54":0,"55":0},"f":{"0":0,"1":0,"2":0,"3":0,"4":0,"5":0,"6":0,"7":0,"8":0,"9":0,"10":0,"11":0,"12":0,"13":0,"14":0,"15":0,"16":0,"17":0,"18":0},"b":{"0":[0,0],"1":[0,0],"2":[0,0]}}
,"D:\\www\\2023\\pan t\\part 5\\bloglist-frontend\\src\\Notification.jsx": {"path":"D:\\www\\2023\\pan t\\part 5\\bloglist-frontend\\src\\Notification.jsx","statementMap":{"0":{"start":{"line":1,"column":21},"end":{"line":11,"column":1}},"1":{"start":{"line":2,"column":2},"end":{"line":4,"column":3}},"2":{"start":{"line":3,"column":4},"end":{"line":3,"column":15}},"3":{"start":{"line":6,"column":2},"end":{"line":10,"column":3}}},"fnMap":{"0":{"name":"(anonymous_0)","decl":{"start":{"line":1,"column":21},"end":{"line":1,"column":22}},"loc":{"start":{"line":1,"column":46},"end":{"line":11,"column":1}},"line":1}},"branchMap":{"0":{"loc":{"start":{"line":2,"column":2},"end":{"line":4,"column":3}},"type":"if","locations":[{"start":{"line":2,"column":2},"end":{"line":4,"column":3}},{"start":{},"end":{}}],"line":2},"1":{"loc":{"start":{"line":7,"column":20},"end":{"line":7,"column":57}},"type":"cond-expr","locations":[{"start":{"line":7,"column":35},"end":{"line":7,"column":42}},{"start":{"line":7,"column":45},"end":{"line":7,"column":57}}],"line":7}},"s":{"0":0,"1":0,"2":0,"3":0},"f":{"0":0},"b":{"0":[0,0],"1":[0,0]}}
,"D:\\www\\2023\\pan t\\part 5\\bloglist-frontend\\src\\main.jsx": {"path":"D:\\www\\2023\\pan t\\part 5\\bloglist-frontend\\src\\main.jsx","statementMap":{"0":{"start":{"line":5,"column":0},"end":{"line":5,"column":68}}},"fnMap":{},"branchMap":{},"s":{"0":0},"f":{},"b":{}}
,"D:\\www\\2023\\pan t\\part 5\\bloglist-frontend\\src\\components\\Blog.jsx": {"path":"D:\\www\\2023\\pan t\\part 5\\bloglist-frontend\\src\\components\\Blog.jsx","statementMap":{"0":{"start":{"line":3,"column":13},"end":{"line":24,"column":4}},"1":{"start":{"line":4,"column":20},"end":{"line":10,"column":3}},"2":{"start":{"line":11,"column":2},"end":{"line":24,"column":3}},"3":{"start":{"line":14,"column":44},"end":{"line":14,"column":58}},"4":{"start":{"line":14,"column":125},"end":{"line":14,"column":141}}},"fnMap":{"0":{"name":"(anonymous_0)","decl":{"start":{"line":3,"column":13},"end":{"line":3,"column":14}},"loc":{"start":{"line":3,"column":55},"end":{"line":24,"column":4}},"line":3},"1":{"name":"(anonymous_1)","decl":{"start":{"line":14,"column":38},"end":{"line":14,"column":39}},"loc":{"start":{"line":14,"column":44},"end":{"line":14,"column":58}},"line":14},"2":{"name":"(anonymous_2)","decl":{"start":{"line":14,"column":119},"end":{"line":14,"column":120}},"loc":{"start":{"line":14,"column":125},"end":{"line":14,"column":141}},"line":14}},"branchMap":{"0":{"loc":{"start":{"line":14,"column":75},"end":{"line":14,"column":168}},"type":"cond-expr","locations":[{"start":{"line":14,"column":102},"end":{"line":14,"column":163}},{"start":{"line":14,"column":166},"end":{"line":14,"column":168}}],"line":14},"1":{"loc":{"start":{"line":18,"column":26},"end":{"line":18,"column":74}},"type":"cond-expr","locations":[{"start":{"line":18,"column":47},"end":{"line":18,"column":65}},{"start":{"line":18,"column":68},"end":{"line":18,"column":74}}],"line":18}},"s":{"0":1,"1":1,"2":1,"3":2,"4":0},"f":{"0":1,"1":2,"2":0},"b":{"0":[0,1],"1":[1,0]},"_coverageSchema":"1a1c01bbd47fc00a2c39e90264f33305004495a9","hash":"b4b50b5721fb44d89cbde8053d06069bea4001d1"}
,"D:\\www\\2023\\pan t\\part 5\\bloglist-frontend\\src\\components\\BlogForm.jsx": {"path":"D:\\www\\2023\\pan t\\part 5\\bloglist-frontend\\src\\components\\BlogForm.jsx","statementMap":{"0":{"start":{"line":3,"column":17},"end":{"line":53,"column":2}},"1":{"start":{"line":4,"column":32},"end":{"line":9,"column":4}},"2":{"start":{"line":11,"column":32},"end":{"line":15,"column":3}},"3":{"start":{"line":12,"column":15},"end":{"line":12,"column":22}},"4":{"start":{"line":13,"column":4},"end":{"line":13,"column":35}},"5":{"start":{"line":14,"column":4},"end":{"line":14,"column":20}},"6":{"start":{"line":17,"column":30},"end":{"line":21,"column":3}},"7":{"start":{"line":18,"column":15},"end":{"line":18,"column":22}},"8":{"start":{"line":19,"column":4},"end":{"line":19,"column":33}},"9":{"start":{"line":20,"column":4},"end":{"line":20,"column":20}},"10":{"start":{"line":23,"column":18},"end":{"line":33,"column":3}},"11":{"start":{"line":24,"column":4},"end":{"line":24,"column":26}},"12":{"start":{"line":25,"column":4},"end":{"line":25,"column":23}},"13":{"start":{"line":27,"column":4},"end":{"line":32,"column":6}},"14":{"start":{"line":35,"column":2},"end":{"line":53,"column":1}}},"fnMap":{"0":{"name":"(anonymous_0)","decl":{"start":{"line":3,"column":17},"end":{"line":3,"column":18}},"loc":{"start":{"line":3,"column":37},"end":{"line":53,"column":2}},"line":3},"1":{"name":"(anonymous_1)","decl":{"start":{"line":11,"column":32},"end":{"line":11,"column":33}},"loc":{"start":{"line":11,"column":41},"end":{"line":15,"column":3}},"line":11},"2":{"name":"(anonymous_2)","decl":{"start":{"line":17,"column":30},"end":{"line":17,"column":31}},"loc":{"start":{"line":17,"column":39},"end":{"line":21,"column":3}},"line":17},"3":{"name":"(anonymous_3)","decl":{"start":{"line":23,"column":18},"end":{"line":23,"column":19}},"loc":{"start":{"line":23,"column":29},"end":{"line":33,"column":3}},"line":23}},"branchMap":{},"s":{"0":1,"1":2,"2":2,"3":17,"4":17,"5":17,"6":2,"7":8,"8":8,"9":8,"10":2,"11":1,"12":1,"13":1,"14":2},"f":{"0":2,"1":17,"2":8,"3":1},"b":{},"_coverageSchema":"1a1c01bbd47fc00a2c39e90264f33305004495a9","hash":"9d0961578a77615605ec5b660c9aa4a6f1fb852f"}
,"D:\\www\\2023\\pan t\\part 5\\bloglist-frontend\\src\\components\\LoginForm.jsx": {"path":"D:\\www\\2023\\pan t\\part 5\\bloglist-frontend\\src\\components\\LoginForm.jsx","statementMap":{"0":{"start":{"line":3,"column":18},"end":{"line":23,"column":1}},"1":{"start":{"line":4,"column":2},"end":{"line":22,"column":9}},"2":{"start":{"line":10,"column":34},"end":{"line":10,"column":59}},"3":{"start":{"line":18,"column":34},"end":{"line":18,"column":59}},"4":{"start":{"line":25,"column":0},"end":{"line":29,"column":1}}},"fnMap":{"0":{"name":"(anonymous_0)","decl":{"start":{"line":3,"column":18},"end":{"line":3,"column":19}},"loc":{"start":{"line":4,"column":2},"end":{"line":22,"column":9}},"line":4},"1":{"name":"(anonymous_1)","decl":{"start":{"line":10,"column":18},"end":{"line":10,"column":19}},"loc":{"start":{"line":10,"column":34},"end":{"line":10,"column":59}},"line":10},"2":{"name":"(anonymous_2)","decl":{"start":{"line":18,"column":18},"end":{"line":18,"column":19}},"loc":{"start":{"line":18,"column":34},"end":{"line":18,"column":59}},"line":18}},"branchMap":{},"s":{"0":0,"1":0,"2":0,"3":0,"4":0},"f":{"0":0,"1":0,"2":0},"b":{}}
,"D:\\www\\2023\\pan t\\part 5\\bloglist-frontend\\src\\components\\Togglable.jsx": {"path":"D:\\www\\2023\\pan t\\part 5\\bloglist-frontend\\src\\components\\Togglable.jsx","statementMap":{"0":{"start":{"line":4,"column":18},"end":{"line":31,"column":2}},"1":{"start":{"line":5,"column":32},"end":{"line":5,"column":47}},"2":{"start":{"line":7,"column":26},"end":{"line":7,"column":60}},"3":{"start":{"line":8,"column":26},"end":{"line":8,"column":60}},"4":{"start":{"line":10,"column":27},"end":{"line":12,"column":3}},"5":{"start":{"line":11,"column":4},"end":{"line":11,"column":24}},"6":{"start":{"line":14,"column":2},"end":{"line":18,"column":4}},"7":{"start":{"line":15,"column":4},"end":{"line":17,"column":5}},"8":{"start":{"line":20,"column":2},"end":{"line":30,"column":3}},"9":{"start":{"line":33,"column":0},"end":{"line":33,"column":35}},"10":{"start":{"line":35,"column":0},"end":{"line":37,"column":1}}},"fnMap":{"0":{"name":"(anonymous_0)","decl":{"start":{"line":4,"column":29},"end":{"line":4,"column":30}},"loc":{"start":{"line":4,"column":46},"end":{"line":31,"column":1}},"line":4},"1":{"name":"(anonymous_1)","decl":{"start":{"line":10,"column":27},"end":{"line":10,"column":28}},"loc":{"start":{"line":10,"column":33},"end":{"line":12,"column":3}},"line":10},"2":{"name":"(anonymous_2)","decl":{"start":{"line":14,"column":28},"end":{"line":14,"column":29}},"loc":{"start":{"line":14,"column":34},"end":{"line":18,"column":3}},"line":14}},"branchMap":{"0":{"loc":{"start":{"line":7,"column":37},"end":{"line":7,"column":58}},"type":"cond-expr","locations":[{"start":{"line":7,"column":47},"end":{"line":7,"column":53}},{"start":{"line":7,"column":56},"end":{"line":7,"column":58}}],"line":7},"1":{"loc":{"start":{"line":8,"column":37},"end":{"line":8,"column":58}},"type":"cond-expr","locations":[{"start":{"line":8,"column":47},"end":{"line":8,"column":49}},{"start":{"line":8,"column":52},"end":{"line":8,"column":58}}],"line":8}},"s":{"0":2,"1":5,"2":5,"3":5,"4":5,"5":1,"6":5,"7":0,"8":5,"9":2,"10":2},"f":{"0":5,"1":1,"2":0},"b":{"0":[1,4],"1":[1,4]},"_coverageSchema":"1a1c01bbd47fc00a2c39e90264f33305004495a9","hash":"632a576a65ab19f702d06d574fde3d5b13d7d644"}
,"D:\\www\\2023\\pan t\\part 5\\bloglist-frontend\\src\\services\\blogs.js": {"path":"D:\\www\\2023\\pan t\\part 5\\bloglist-frontend\\src\\services\\blogs.js","statementMap":{"0":{"start":{"line":2,"column":16},"end":{"line":2,"column":49}},"1":{"start":{"line":4,"column":12},"end":{"line":4,"column":16}},"2":{"start":{"line":6,"column":17},"end":{"line":8,"column":1}},"3":{"start":{"line":7,"column":2},"end":{"line":7,"column":30}},"4":{"start":{"line":10,"column":15},"end":{"line":13,"column":1}},"5":{"start":{"line":11,"column":18},"end":{"line":11,"column":36}},"6":{"start":{"line":12,"column":2},"end":{"line":12,"column":92}},"7":{"start":{"line":12,"column":34},"end":{"line":12,"column":91}},"8":{"start":{"line":12,"column":65},"end":{"line":12,"column":89}},"9":{"start":{"line":15,"column":15},"end":{"line":22,"column":1}},"10":{"start":{"line":16,"column":17},"end":{"line":18,"column":3}},"11":{"start":{"line":20,"column":19},"end":{"line":20,"column":63}},"12":{"start":{"line":21,"column":2},"end":{"line":21,"column":22}},"13":{"start":{"line":24,"column":15},"end":{"line":28,"column":1}},"14":{"start":{"line":25,"column":18},"end":{"line":25,"column":60}},"15":{"start":{"line":26,"column":19},"end":{"line":26,"column":32}},"16":{"start":{"line":27,"column":2},"end":{"line":27,"column":22}},"17":{"start":{"line":30,"column":15},"end":{"line":37,"column":1}},"18":{"start":{"line":31,"column":17},"end":{"line":33,"column":3}},"19":{"start":{"line":34,"column":18},"end":{"line":34,"column":60}},"20":{"start":{"line":35,"column":19},"end":{"line":35,"column":32}},"21":{"start":{"line":36,"column":2},"end":{"line":36,"column":17}}},"fnMap":{"0":{"name":"(anonymous_0)","decl":{"start":{"line":6,"column":17},"end":{"line":6,"column":18}},"loc":{"start":{"line":6,"column":29},"end":{"line":8,"column":1}},"line":6},"1":{"name":"(anonymous_1)","decl":{"start":{"line":10,"column":15},"end":{"line":10,"column":16}},"loc":{"start":{"line":10,"column":21},"end":{"line":13,"column":1}},"line":10},"2":{"name":"(anonymous_2)","decl":{"start":{"line":12,"column":22},"end":{"line":12,"column":23}},"loc":{"start":{"line":12,"column":34},"end":{"line":12,"column":91}},"line":12},"3":{"name":"(anonymous_3)","decl":{"start":{"line":12,"column":53},"end":{"line":12,"column":54}},"loc":{"start":{"line":12,"column":63},"end":{"line":12,"column":90}},"line":12},"4":{"name":"(anonymous_4)","decl":{"start":{"line":15,"column":15},"end":{"line":15,"column":16}},"loc":{"start":{"line":15,"column":34},"end":{"line":22,"column":1}},"line":15},"5":{"name":"(anonymous_5)","decl":{"start":{"line":24,"column":15},"end":{"line":24,"column":16}},"loc":{"start":{"line":24,"column":40},"end":{"line":28,"column":1}},"line":24},"6":{"name":"(anonymous_6)","decl":{"start":{"line":30,"column":15},"end":{"line":30,"column":16}},"loc":{"start":{"line":30,"column":29},"end":{"line":37,"column":1}},"line":30}},"branchMap":{},"s":{"0":0,"1":0,"2":0,"3":0,"4":0,"5":0,"6":0,"7":0,"8":0,"9":0,"10":0,"11":0,"12":0,"13":0,"14":0,"15":0,"16":0,"17":0,"18":0,"19":0,"20":0,"21":0},"f":{"0":0,"1":0,"2":0,"3":0,"4":0,"5":0,"6":0},"b":{}}
,"D:\\www\\2023\\pan t\\part 5\\bloglist-frontend\\src\\services\\login.js": {"path":"D:\\www\\2023\\pan t\\part 5\\bloglist-frontend\\src\\services\\login.js","statementMap":{"0":{"start":{"line":2,"column":16},"end":{"line":2,"column":49}},"1":{"start":{"line":4,"column":14},"end":{"line":7,"column":1}},"2":{"start":{"line":5,"column":19},"end":{"line":5,"column":57}},"3":{"start":{"line":6,"column":2},"end":{"line":6,"column":22}}},"fnMap":{"0":{"name":"(anonymous_0)","decl":{"start":{"line":4,"column":14},"end":{"line":4,"column":15}},"loc":{"start":{"line":4,"column":35},"end":{"line":7,"column":1}},"line":4}},"branchMap":{},"s":{"0":0,"1":0,"2":0,"3":0},"f":{"0":0},"b":{}}
}
